Using pre-set license
Built from '2020.3/staging' branch; Version is '2020.3.10f1 (297d780c91bc) revision 2719096'; Using compiler version '192528614'; Build Type 'Release'
OS: 'Windows 10 Home; OS build 18363.1556; Version 1909; 64bit' Language: 'en' Physical Memory: 8129 MB
BatchMode: 1, IsHumanControllingUs: 0, StartBugReporterOnCrash: 0, Is64bit: 1, IsPro: 0

 COMMAND LINE ARGUMENTS:
C:\Program Files\Unity\Hub\Editor\2020.3.7f1\Editor\Unity.exe
-adb2
-batchMode
-noUpm
-name
AssetImportWorker1
-projectPath
C:/Users/S/Desktop/gamerGit/FirstUnityGame/Squid0
-logFile
Logs/AssetImportWorker1.log
-srvPort
63471
Successfully changed project path to: C:/Users/S/Desktop/gamerGit/FirstUnityGame/Squid0
C:/Users/S/Desktop/gamerGit/FirstUnityGame/Squid0
Using Asset Import Pipeline V2.
Refreshing native plugins compatible for Editor in 68.24 ms, found 3 plugins.
Preloading 0 native plugins for Editor in 0.00 ms.
Initialize engine version: 2020.3.10f1 (297d780c91bc)
[Subsystems] Discovering subsystems at path C:/Program Files/Unity/Hub/Editor/2020.3.7f1/Editor/Data/Resources/UnitySubsystems
[Subsystems] Discovering subsystems at path C:/Users/S/Desktop/gamerGit/FirstUnityGame/Squid0/Assets
GfxDevice: creating device client; threaded=0
Direct3D:
    Version:  Direct3D 11.0 [level 11.0]
    Renderer: NVIDIA GeForce GTX 770 (ID=0x1184)
    Vendor:   
    VRAM:     2007 MB
    Driver:   27.21.14.6647
Initialize mono
Mono path[0] = 'C:/Program Files/Unity/Hub/Editor/2020.3.7f1/Editor/Data/Managed'
Mono path[1] = 'C:/Program Files/Unity/Hub/Editor/2020.3.7f1/Editor/Data/MonoBleedingEdge/lib/mono/unityjit'
Mono config path = 'C:/Program Files/Unity/Hub/Editor/2020.3.7f1/Editor/Data/MonoBleedingEdge/etc'
Using monoOptions --debugger-agent=transport=dt_socket,embedding=1,server=y,suspend=n,address=127.0.0.1:56336
Begin MonoManager ReloadAssembly
Registering precompiled unity dll's ...
Register platform support module: C:/Program Files/Unity/Hub/Editor/2020.3.7f1/Editor/Data/PlaybackEngines/WindowsStandaloneSupport/UnityEditor.WindowsStandalone.Extensions.dll
Registered in 0.003062 seconds.
Native extension for WindowsStandalone target not found
Refreshing native plugins compatible for Editor in 55.31 ms, found 3 plugins.
Preloading 0 native plugins for Editor in 0.00 ms.
Mono: successfully reloaded assembly
- Completed reload, in  2.385 seconds
Platform modules already initialized, skipping
Registering precompiled user dll's ...
Registered in 0.006152 seconds.
Begin MonoManager ReloadAssembly
Native extension for WindowsStandalone target not found
Refreshing native plugins compatible for Editor in 54.75 ms, found 3 plugins.
Preloading 0 native plugins for Editor in 0.00 ms.
Mono: successfully reloaded assembly
- Completed reload, in  1.516 seconds
Platform modules already initialized, skipping
========================================================================
Worker process is ready to serve import requests
Launched and connected shader compiler UnityShaderCompiler.exe after 0.06 seconds
Refreshing native plugins compatible for Editor in 0.64 ms, found 3 plugins.
Preloading 0 native plugins for Editor in 0.00 ms.
Unloading 2590 Unused Serialized files (Serialized files now loaded: 0)
System memory in use before: 112.5 MB.
System memory in use after: 112.5 MB.

Unloading 36 unused Assets to reduce memory usage. Loaded Objects now: 3026.
Total: 3.526600 ms (FindLiveObjects: 0.271600 ms CreateObjectMapping: 0.130200 ms MarkObjects: 2.958300 ms  DeleteObjects: 0.165100 ms)

========================================================================
Received Import Request.
  path: Assets/PreFabs/Jumbo Shrimp.prefab
  artifactKey: Guid(623b2e26648844c42b1a126c5e388000) Importer(815301076,1909f56bfc062723c751e8b465ee728b)
Start importing Assets/PreFabs/Jumbo Shrimp.prefab using Guid(623b2e26648844c42b1a126c5e388000) Importer(815301076,1909f56bfc062723c751e8b465ee728b)  -> (artifact id: '06cad3a78108553a11b79da57f23fbfe') in 0.124658 seconds
  Import took 0.129727 seconds .

========================================================================
Received Import Request.
  Time since last request: 8.282500 seconds.
  path: Assets/Scenes/Boss Fight.unity
  artifactKey: Guid(18fecca84206b5b48918c6163d296310) Importer(815301076,1909f56bfc062723c751e8b465ee728b)
Start importing Assets/Scenes/Boss Fight.unity using Guid(18fecca84206b5b48918c6163d296310) Importer(815301076,1909f56bfc062723c751e8b465ee728b)  -> (artifact id: 'd32aedb14013c0016cf14f5b2c36b5a2') in 0.009976 seconds
  Import took 0.014611 seconds .

AssetImportWorkerClient::OnTransportError - code=2 error=End of file
