Using pre-set license
Built from '2020.3/staging' branch; Version is '2020.3.10f1 (297d780c91bc) revision 2719096'; Using compiler version '192528614'; Build Type 'Release'
OS: 'Windows 10 Home; OS build 19042.1052; Version 2009; 64bit' Language: 'en' Physical Memory: 8129 MB
BatchMode: 1, IsHumanControllingUs: 0, StartBugReporterOnCrash: 0, Is64bit: 1, IsPro: 0

 COMMAND LINE ARGUMENTS:
C:\Program Files\Unity\Hub\Editor\2020.3.7f1\Editor\Unity.exe
-adb2
-batchMode
-noUpm
-name
AssetImportWorker1
-projectPath
C:/Users/S/Desktop/gamerGit/FirstUnityGame/Squid0
-logFile
Logs/AssetImportWorker1.log
-srvPort
56336
Successfully changed project path to: C:/Users/S/Desktop/gamerGit/FirstUnityGame/Squid0
C:/Users/S/Desktop/gamerGit/FirstUnityGame/Squid0
Using Asset Import Pipeline V2.
Refreshing native plugins compatible for Editor in 158.34 ms, found 3 plugins.
Preloading 0 native plugins for Editor in 0.00 ms.
Initialize engine version: 2020.3.10f1 (297d780c91bc)
[Subsystems] Discovering subsystems at path C:/Program Files/Unity/Hub/Editor/2020.3.7f1/Editor/Data/Resources/UnitySubsystems
[Subsystems] Discovering subsystems at path C:/Users/S/Desktop/gamerGit/FirstUnityGame/Squid0/Assets
GfxDevice: creating device client; threaded=0
Direct3D:
    Version:  Direct3D 11.0 [level 11.0]
    Renderer: NVIDIA GeForce GTX 770 (ID=0x1184)
    Vendor:   
    VRAM:     2007 MB
    Driver:   27.21.14.6089
Initialize mono
Mono path[0] = 'C:/Program Files/Unity/Hub/Editor/2020.3.7f1/Editor/Data/Managed'
Mono path[1] = 'C:/Program Files/Unity/Hub/Editor/2020.3.7f1/Editor/Data/MonoBleedingEdge/lib/mono/unityjit'
Mono config path = 'C:/Program Files/Unity/Hub/Editor/2020.3.7f1/Editor/Data/MonoBleedingEdge/etc'
Using monoOptions --debugger-agent=transport=dt_socket,embedding=1,server=y,suspend=n,address=127.0.0.1:56028
Begin MonoManager ReloadAssembly
Registering precompiled unity dll's ...
Register platform support module: C:/Program Files/Unity/Hub/Editor/2020.3.7f1/Editor/Data/PlaybackEngines/WindowsStandaloneSupport/UnityEditor.WindowsStandalone.Extensions.dll
Registered in 0.006433 seconds.
Native extension for WindowsStandalone target not found
Refreshing native plugins compatible for Editor in 91.22 ms, found 3 plugins.
Preloading 0 native plugins for Editor in 0.00 ms.
Mono: successfully reloaded assembly
- Completed reload, in  3.077 seconds
Platform modules already initialized, skipping
Registering precompiled user dll's ...
Registered in 0.022462 seconds.
Begin MonoManager ReloadAssembly
Native extension for WindowsStandalone target not found
Refreshing native plugins compatible for Editor in 71.72 ms, found 3 plugins.
Preloading 0 native plugins for Editor in 0.00 ms.
Mono: successfully reloaded assembly
- Completed reload, in  3.370 seconds
Platform modules already initialized, skipping
========================================================================
Worker process is ready to serve import requests
Launched and connected shader compiler UnityShaderCompiler.exe after 0.12 seconds
Refreshing native plugins compatible for Editor in 0.58 ms, found 3 plugins.
Preloading 0 native plugins for Editor in 0.00 ms.
Unloading 2594 Unused Serialized files (Serialized files now loaded: 0)
System memory in use before: 113.4 MB.
System memory in use after: 113.5 MB.

Unloading 36 unused Assets to reduce memory usage. Loaded Objects now: 3031.
Total: 3.128000 ms (FindLiveObjects: 0.301300 ms CreateObjectMapping: 0.225000 ms MarkObjects: 2.454600 ms  DeleteObjects: 0.146300 ms)

========================================================================
Received Import Request.
  path: Assets/Scripts/GiantSquidBoss.cs
  artifactKey: Guid(a4239ee1a254bbd40b52d27e587ac03b) Importer(815301076,1909f56bfc062723c751e8b465ee728b)
Start importing Assets/Scripts/GiantSquidBoss.cs using Guid(a4239ee1a254bbd40b52d27e587ac03b) Importer(815301076,1909f56bfc062723c751e8b465ee728b)  -> (artifact id: 'bb4711d44a7921306a36ffdd21b9ef9f') in 3.757916 seconds
  Import took 3.764686 seconds .

========================================================================
Received Import Request.
  Time since last request: 900.329594 seconds.
  path: Assets/Sprites/BossHearts.png
  artifactKey: Guid(31e81b24ac84ee64a8fb0a48988dde13) Importer(815301076,1909f56bfc062723c751e8b465ee728b)
Start importing Assets/Sprites/BossHearts.png using Guid(31e81b24ac84ee64a8fb0a48988dde13) Importer(815301076,1909f56bfc062723c751e8b465ee728b)  -> (artifact id: '1e7cc979db6b9700499c82a0beed9f27') in 0.248363 seconds
  Import took 0.254220 seconds .

========================================================================
Received Prepare
Registering precompiled user dll's ...
Registered in 0.012515 seconds.
Begin MonoManager ReloadAssembly
Native extension for WindowsStandalone target not found
Refreshing native plugins compatible for Editor in 0.60 ms, found 3 plugins.
Preloading 0 native plugins for Editor in 0.00 ms.
Mono: successfully reloaded assembly
- Completed reload, in  1.791 seconds
Platform modules already initialized, skipping
Refreshing native plugins compatible for Editor in 0.60 ms, found 3 plugins.
Preloading 0 native plugins for Editor in 0.00 ms.
Unloading 2574 Unused Serialized files (Serialized files now loaded: 0)
System memory in use before: 115.2 MB.
System memory in use after: 115.3 MB.

Unloading 22 unused Assets to reduce memory usage. Loaded Objects now: 3041.
Total: 3.207000 ms (FindLiveObjects: 0.304500 ms CreateObjectMapping: 0.221400 ms MarkObjects: 2.553100 ms  DeleteObjects: 0.127100 ms)

AssetImportWorkerClient::OnTransportError - code=2 error=End of file
